# 2018-01-10-20:02:38

journeymap=2514298
tinkers-construct=2518400
mantle=2474052
storage-drawers=2484308
extra-utilities=2512406
inventory-tweaks=2482481
iron-chests=2487724
pams-harvestcraft=2518542
cofhcore=2518220
custom-main-menu=2482584
chisel=2516679
resource-loader=2477566
botania=2507921
bdlib=2518031
thermalexpansion=2518361
jei=2517641
applied-energistics-2=2515354
baubles=2518667
immersive-engineering=2515333
bibliocraft=2456043
mcjtylib=2516349
thermal-foundation=2518222
morpheus=2432272
rftools=2516350
modtweaker=2514559
decocraft2=2495136
ftblib=2505841
waila-harvestability=2481605
ftb-utilities=2505842
forestry=2518143
natura=2518591
draconic-evolution=2517088
brandons-core=2514752
crafttweaker=2513460
thermal-dynamics=2518224
better-builders-wands=2443194
mouse-tweaks=2462627
wawla-what-are-we-looking-at=2493710
chameleon=2450900
cooking-for-blockheads=2503873
guide-api=2466858
chisels-bits=2516302
applecore=2508285
biomes-o-plenty=2514873
aroma1997core=2516041
redstone-arsenal=2518221
ichunutil=2510760
codechicken-lib-1-8=2509819
openblocks=2514379
autoreglib=2497562
random-things=2513069
openmodslib=2514375
bookshelf=2514598
industrial-craft=2517744
actually-additions=2511216
gravestone-mod=2482114
gendustry=2516215
lunatriuscore=2489549
refined-storage=2515440
opencomputers=2508602
fast-leaf-decay=2463272
reborncore=2515436
extreme-reactors=2516062
appleskin=2496585
zerocore=2482156
just-enough-resources-jer=2500678
flat-colored-blocks=2483466
malisisdoors=2510292
ae2-stuff=2491032
valkyrielib=2512885
ender-storage-1-8=2509842
veinminer=2457081
mtlib=2491141
psi=2499167
chance-cubes=2515577
ingame-info-xml=2489566
mcmultipart=2511780
quark=2517238
malisiscore=2508318
environmental-tech=2512886
extracells2=2512993
dark-utilities=2497247
betterfps=2483393
chest-transporter=2460961
kleeslabs=2443462
rftools-control=2514031
shadowfacts-forgelin=2505090
aroma1997s-dimensional-world=2440965
shetiphiancore=2502305
rftools-dimensions=2516650
the-twilight-forest=2505472
shadowmc=2441500
unidict=2515662
openblocks-elevator=2494729
lootbags=2508201
ranged-pumps=2441326
mputils=2448392
roots=2510836
autopackager=2508230
wanionlib=2510015
mputils-basic-tools=2448393
eleccore=2510914
mercurius=2481890
portal-gun=2487083
default-options=2513607
the-one-probe=2496985
tinkers-tool-leveling=2507887
reliquary-v1-3=2509540
quantumstorage=2497503
deep-resonance=2514028
custom-npcs=2495413
ender-zoo=2484148
advanced-generators=2516219
magic-bees=2517686
not-enough-wands=2514037
hopper-ducts=2454832
hats=2487838
cyclops-core=2512184
funky-locomotion=2504291
sonar-core=2512472
controlling=2509063
snad=2480458
aromabackup=2510519
netherportalfix=2489643
mob-grinding-utils=2496911
roguelike-dungeons=2492586
torchmaster=2489361
voxelmap=2492763
mystical-agriculture=2511036
simply-jetpacks-2=2515837
openmodularturrets=2514918
steves-carts-reborn=2512323
jei-bees=2490058
not-enough-items-1-8=2509851
botania-garden-of-glass=2391198
hammer-core=2518528
neat=2436376
projecte=2518569
soul-shards-the-old-ways=2502644
solar-flux-reborn=2485160
compact-solars=2497832
wireless-crafting-terminal=2502510
ex-compressum=2516565
llibrary=2504999
p455w0rds-library=2516440
ore-excavation=2493799
et-lunar-environmental-tech-addon=2509903
biometweaker=2518237
hwyla=2506337
flux-networks=2512474
platforms=2511432
ctm=2485010
minetweaker-recipemaker=2497436
chicken-chunks-1-8=2509854
mmmmmmmmmmmm=2503041
redstone-paste=2477676
colossal-chests=2499702
better-than-bunnies=2477840
the-spice-of-life=2486848
inventory-pets=2488018
hat-stand=2487075
morph-o-tool=2475117
ceramics=2489278
inventory-sorter=2517985
tiny-progressions=2489292
minecraft-comes-alive-mca=2483852
techreborn=2515447
b-a-s-e=2513730
mrcrayfish-furniture-mod=2512843
common-capabilities=2467504
better-questing=2467353
engineers-workshop=2512032
enchiridion=2498022
akashic-tome=2476494
better-questing-standard-expansion=2467361
clumps=2458862
reauth=2491161
radixcore=2483855
integrated-dynamics=2512189
top-addons=2504625
quick-leaf-decay=2469364
crafting-tweaks=2489633
long-fall-boots=2468868
xnet=2517060
mod-name-tooltip=2486868
ding=2476271
embers=2495586
fairy-lights=2513426
hardcore-map-reset=2434554
more-overlays=2495438
endertanks=2502310
useful-nullifiers=2444884
moo-fluids=2496365
integrated-tunnels=2512203
woot=2517353
missing-pieces=2490951
googlyeyes=2487836
rebornstorage=2515435
ivtoolkit=2443253
client-tweaks=2458010
waddles=2481603
signals=2508339
multistorage=2503501
more-bees=2506997
chickens=2500767
the-beneath=2489848
infinitylib=2516027
compact-machines=2516780
storage-drawers-extras=2443623
gravestone-mod-graves=2512995
actuallycomputers=2465255
sound-filters=2445236
morph=2510763
hatchery=2518363
minemenu=2497593
abyssalcraft=2508832
more-player-models=2500167
xnicex=2514040
magneticraft=2509347
pressure-pipes=2476931
more-chickens=2500822
helpfixer=2479308
fence-overhaul=2507871
mekanism=2510812
astral-sorcery=2509051
armorplus=2514849
grue=2450761
mekanism-generators=2510813
security-craft=2512765
simple-corn=2514701
mekanism-tools=2510814
recurrent-complex=2516761
eiramoticons=2489632
compacter=2490045
twerk-sim-2k16=2482383
bloodmoon=2495657
minecolonies=2515794
project-74246=2514803
shear-madness=2482454
more-shearables=2457644
atomicstrykers-infernal-mobs=2510286
tinkers-addons=2476626
cyclic=2515962
mmd-orespawn=2518394
yabba=2501392
omlib=2514917
compactstorage=2516873
calculator=2509148
betterbedrockgen=2458763
item-scroller=2434598
chatflow=2436360
tesla=2487959
waystones=2513625
refined-relocation-2=2516600
creeperhost-minetogether=2516905
cosmetic-armor-reworked=2481744
evilcraft=2512199
better-title-screen=2481601
farming-for-blockheads=2468274
water-strainer=2460195
sync=2487084
more-furnaces=2494776
thedragonlib=2489142
interaction-wheel=2441962
tinker-i-o=2497403
nuclearcraft-mod=2517776
tough-as-nails=2513237
spartan-shields=2512977
notenoughids=2483500
chococraft=2473983
backpacks=2500039
simple-void-world=2498115
redstone-flux=2448933
in-game-wiki-mod=2501941
karat-garden=2507970
cofh-world=2513671
plustic=2508052
silent-lib=2511191
tails=2445532
immersive-petroleum=2514850
exchangers=2517321
mob-dismemberment=2487081
viescraft-airships=2515257
ender-utilities=2493036
tesla-core-lib=2509629
dynamic-surroundings=2517428
base-metals=2494542
extra-rails=2441517
hardcore-darkness=2499443
trashslot=2477077
cxlibrary=2463886
wolf-armor-and-storage=2484803
swingthroughgrass=2508268
silents-gems=2515159
mo-bends=2456231
thermal-cultivation=2518223
coroutil=2515876
davincis-vessels=2499846
industrial-foregoing=2516439
ancient-warfare-2=2508991
bad-wither-no-cookie-reloaded=2496777
lockdown=2477270
block-armor=2485124
deathquotes-death-quotes=2435092
xtones=2502661
mystical-agradditions=2503986
atomicstrykers-battle-towers=2497430
avaritia-1-10=2511625
gravity-gun=2487073
industrial-wires=2518475
movingworld=2485041
mapwriter-2=2510933
simpleharvest=2475234
the-lost-cities=2497882
better-questing-triggerer=2507971
mike-dongles=2509354
holoinventory=2491598
simple-teleporters=2512726
thutcore=2517482
refined-storage-addons=2488705
just-enough-harvestcraft=2482075
weather-storms-tornadoes=2515877
vics-modern-warfare-mod=2513699
infinitefluids=2484246
custom-backgrounds=2445809
schematica=2517396
login-shield=2496183
natures-compass=2513221
lycanites-mobs=2518179
birds-nests=2514692
animania=2508867
pokecube-revival=2518677
diet-hoppers=2482543
moar-tinkers=2464145
tinkers-defense=2506403
clay-bucket=2463480
zombie-awareness=2514750
farseek=2505666
blur=2460821
sublib=2516809
better-with-mods=2516240
additional-banners=2483859
streams=2495787
vending-block=2489400
dungeon-tactics=2515490
torohealth-damage-indicators=2483817
wings-horns-hooves-the-ultimate-unicorn-mod=2497349
cucumber=2499635
advanced-capes=2507183
terraqueous=2517841
in-control=2516687
climate-control-geographicraft=2497541
furnus=2511778
giacomos-fishing-net=2502206
vampirism-become-a-vampire=2517879
block-drops-jei-addon=2509046
rough-mobs=2503394
thirsty-bottles=2483838
better-advancements=2504151
forgeendertech=2518453
parachutemod=2502612
silents-gems-extra-parts=2496969
creativecore=2510047
jei-integration=2491927
rustic=2517218
